2024-04-18 09:37:42 [asyncio] DEBUG: Using selector: SelectSelector
2024-04-18 09:37:42 [scrapy.utils.log] INFO: Scrapy 2.11.1 started (bot: bookparser)
2024-04-18 09:37:42 [scrapy.utils.log] INFO: Versions: lxml 5.2.1.0, libxml2 2.11.7, cssselect 1.2.0, parsel 1.9.1, w3lib 2.1.2, Twisted 24.3.0, Python 3.12.2 (tags/v3.12.2:6abddd9, Feb  6 2024, 21:26:36) [MSC v.1937 64 bit (AMD64)], pyOpenSSL 24.1.0 (OpenSSL 3.2.1 30 Jan 2024), cryptography 42.0.5, Platform Windows-11-10.0.22000-SP0
2024-04-18 09:37:42 [scrapy.addons] INFO: Enabled addons:
[]
2024-04-18 09:37:42 [scrapy.utils.log] DEBUG: Using reactor: twisted.internet.asyncioreactor.AsyncioSelectorReactor
2024-04-18 09:37:42 [scrapy.utils.log] DEBUG: Using asyncio event loop: asyncio.windows_events._WindowsSelectorEventLoop
2024-04-18 09:37:42 [scrapy.extensions.telnet] INFO: Telnet Password: 7c72234930a6128a
2024-04-18 09:37:42 [scrapy.middleware] INFO: Enabled extensions:
['scrapy.extensions.corestats.CoreStats',
 'scrapy.extensions.telnet.TelnetConsole',
 'scrapy.extensions.logstats.LogStats']
2024-04-18 09:37:42 [scrapy.crawler] INFO: Overridden settings:
{'BOT_NAME': 'bookparser',
 'CONCURRENT_REQUESTS': 8,
 'DOWNLOAD_DELAY': 0.5,
 'FEED_EXPORT_ENCODING': 'utf-8',
 'NEWSPIDER_MODULE': 'bookparser.spiders',
 'REQUEST_FINGERPRINTER_IMPLEMENTATION': '2.7',
 'SPIDER_MODULES': ['bookparser.spiders'],
 'TWISTED_REACTOR': 'twisted.internet.asyncioreactor.AsyncioSelectorReactor',
 'USER_AGENT': 'Mozilla/5.0 (Windows NT 10.0; Win64; x64) AppleWebKit/537.36 '
               '(KHTML, like Gecko) Chrome/123.0.0.0 Safari/537.36'}
2024-04-18 09:37:43 [scrapy.middleware] INFO: Enabled downloader middlewares:
['scrapy.downloadermiddlewares.httpauth.HttpAuthMiddleware',
 'scrapy.downloadermiddlewares.downloadtimeout.DownloadTimeoutMiddleware',
 'scrapy.downloadermiddlewares.defaultheaders.DefaultHeadersMiddleware',
 'scrapy.downloadermiddlewares.useragent.UserAgentMiddleware',
 'scrapy.downloadermiddlewares.retry.RetryMiddleware',
 'scrapy.downloadermiddlewares.redirect.MetaRefreshMiddleware',
 'scrapy.downloadermiddlewares.httpcompression.HttpCompressionMiddleware',
 'scrapy.downloadermiddlewares.redirect.RedirectMiddleware',
 'scrapy.downloadermiddlewares.cookies.CookiesMiddleware',
 'scrapy.downloadermiddlewares.httpproxy.HttpProxyMiddleware',
 'scrapy.downloadermiddlewares.stats.DownloaderStats']
2024-04-18 09:37:43 [scrapy.middleware] INFO: Enabled spider middlewares:
['scrapy.spidermiddlewares.httperror.HttpErrorMiddleware',
 'scrapy.spidermiddlewares.offsite.OffsiteMiddleware',
 'scrapy.spidermiddlewares.referer.RefererMiddleware',
 'scrapy.spidermiddlewares.urllength.UrlLengthMiddleware',
 'scrapy.spidermiddlewares.depth.DepthMiddleware']
2024-04-18 09:37:43 [scrapy.middleware] INFO: Enabled item pipelines:
[]
2024-04-18 09:37:43 [scrapy.core.engine] INFO: Spider opened
2024-04-18 09:37:43 [scrapy.extensions.logstats] INFO: Crawled 0 pages (at 0 pages/min), scraped 0 items (at 0 items/min)
2024-04-18 09:37:43 [scrapy.extensions.telnet] INFO: Telnet console listening on 127.0.0.1:6023
2024-04-18 09:37:44 [scrapy.core.engine] DEBUG: Crawled (200) <GET https://book24.ru/search/?q=%D1%84%D0%B0%D0%BD%D1%82%D0%B0%D1%81%D1%82%D0%B8%D0%BA%D0%B0> (referer: None)
2024-04-18 09:37:44 [scrapy.core.engine] DEBUG: Crawled (200) <GET https://book24.ru/product/gospozha-tishina-6162777/> (referer: https://book24.ru/search/?q=%D1%84%D0%B0%D0%BD%D1%82%D0%B0%D1%81%D1%82%D0%B8%D0%BA%D0%B0)
2024-04-18 09:37:45 [scrapy.core.engine] DEBUG: Crawled (200) <GET https://book24.ru/product/tridtsat-sedmoe-polnolunie-6066775/> (referer: https://book24.ru/search/?q=%D1%84%D0%B0%D0%BD%D1%82%D0%B0%D1%81%D1%82%D0%B8%D0%BA%D0%B0)
2024-04-18 09:37:46 [scrapy.core.engine] DEBUG: Crawled (200) <GET https://book24.ru/product/dyuna-illyustrirovannaya-istoriya-sozdaniya-klassiki-nauchnoy-fantastiki-tom-2-6824923/> (referer: https://book24.ru/search/?q=%D1%84%D0%B0%D0%BD%D1%82%D0%B0%D1%81%D1%82%D0%B8%D0%BA%D0%B0)
2024-04-18 09:37:46 [scrapy.core.engine] DEBUG: Crawled (200) <GET https://book24.ru/product/poselok-6015492/> (referer: https://book24.ru/search/?q=%D1%84%D0%B0%D0%BD%D1%82%D0%B0%D1%81%D1%82%D0%B8%D0%BA%D0%B0)
2024-04-18 09:37:47 [scrapy.core.engine] DEBUG: Crawled (200) <GET https://book24.ru/product/koltso-1-5831012/> (referer: https://book24.ru/search/?q=%D1%84%D0%B0%D0%BD%D1%82%D0%B0%D1%81%D1%82%D0%B8%D0%BA%D0%B0)
2024-04-18 09:37:48 [scrapy.core.engine] DEBUG: Crawled (200) <GET https://book24.ru/product/sheptukha-5987913/> (referer: https://book24.ru/search/?q=%D1%84%D0%B0%D0%BD%D1%82%D0%B0%D1%81%D1%82%D0%B8%D0%BA%D0%B0)
2024-04-18 09:37:48 [scrapy.core.engine] DEBUG: Crawled (200) <GET https://book24.ru/product/svyatoy-iz-teni-5966831/> (referer: https://book24.ru/search/?q=%D1%84%D0%B0%D0%BD%D1%82%D0%B0%D1%81%D1%82%D0%B8%D0%BA%D0%B0)
2024-04-18 09:37:49 [scrapy.core.engine] DEBUG: Crawled (200) <GET https://book24.ru/product/vrata-obeliska-5942937/> (referer: https://book24.ru/search/?q=%D1%84%D0%B0%D0%BD%D1%82%D0%B0%D1%81%D1%82%D0%B8%D0%BA%D0%B0)
2024-04-18 09:37:50 [scrapy.core.engine] DEBUG: Crawled (200) <GET https://book24.ru/product/izbrannye-5782654/> (referer: https://book24.ru/search/?q=%D1%84%D0%B0%D0%BD%D1%82%D0%B0%D1%81%D1%82%D0%B8%D0%BA%D0%B0)
2024-04-18 09:37:50 [scrapy.core.engine] DEBUG: Crawled (200) <GET https://book24.ru/product/dyuna-5505609/> (referer: https://book24.ru/search/?q=%D1%84%D0%B0%D0%BD%D1%82%D0%B0%D1%81%D1%82%D0%B8%D0%BA%D0%B0)
2024-04-18 09:37:51 [scrapy.core.engine] DEBUG: Crawled (200) <GET https://book24.ru/product/amerikanskie-bogi-6826239/> (referer: https://book24.ru/search/?q=%D1%84%D0%B0%D0%BD%D1%82%D0%B0%D1%81%D1%82%D0%B8%D0%BA%D0%B0)
2024-04-18 09:37:51 [scrapy.core.engine] DEBUG: Crawled (200) <GET https://book24.ru/product/grekh-i-spasenie-6825152/> (referer: https://book24.ru/search/?q=%D1%84%D0%B0%D0%BD%D1%82%D0%B0%D1%81%D1%82%D0%B8%D0%BA%D0%B0)
2024-04-18 09:37:52 [scrapy.core.engine] DEBUG: Crawled (200) <GET https://book24.ru/product/voyna-56-zov-lavkrafta-6063865/> (referer: https://book24.ru/search/?q=%D1%84%D0%B0%D0%BD%D1%82%D0%B0%D1%81%D1%82%D0%B8%D0%BA%D0%B0)
2024-04-18 09:37:52 [scrapy.core.engine] DEBUG: Crawled (200) <GET https://book24.ru/product/den-triffidov-183695/> (referer: https://book24.ru/search/?q=%D1%84%D0%B0%D0%BD%D1%82%D0%B0%D1%81%D1%82%D0%B8%D0%BA%D0%B0)
2024-04-18 09:37:53 [scrapy.core.engine] DEBUG: Crawled (200) <GET https://book24.ru/product/pesok-6894443/> (referer: https://book24.ru/search/?q=%D1%84%D0%B0%D0%BD%D1%82%D0%B0%D1%81%D1%82%D0%B8%D0%BA%D0%B0)
2024-04-18 09:37:54 [scrapy.core.engine] DEBUG: Crawled (200) <GET https://book24.ru/product/demon-maksvella-6892190/> (referer: https://book24.ru/search/?q=%D1%84%D0%B0%D0%BD%D1%82%D0%B0%D1%81%D1%82%D0%B8%D0%BA%D0%B0)
2024-04-18 09:37:54 [scrapy.core.engine] DEBUG: Crawled (200) <GET https://book24.ru/product/printsessa-dyuny-6825062/> (referer: https://book24.ru/search/?q=%D1%84%D0%B0%D0%BD%D1%82%D0%B0%D1%81%D1%82%D0%B8%D0%BA%D0%B0)
2024-04-18 09:37:55 [scrapy.core.engine] DEBUG: Crawled (200) <GET https://book24.ru/product/novella-edinstvennyy-konets-zlodeyki-smert-tom-4-6832371/> (referer: https://book24.ru/search/?q=%D1%84%D0%B0%D0%BD%D1%82%D0%B0%D1%81%D1%82%D0%B8%D0%BA%D0%B0)
2024-04-18 09:37:56 [scrapy.core.engine] DEBUG: Crawled (200) <GET https://book24.ru/product/bashnya-iz-gryazi-i-vetok-6127421/> (referer: https://book24.ru/search/?q=%D1%84%D0%B0%D0%BD%D1%82%D0%B0%D1%81%D1%82%D0%B8%D0%BA%D0%B0)
2024-04-18 09:37:56 [scrapy.core.engine] DEBUG: Crawled (200) <GET https://book24.ru/product/zabeg-k-kontsu-sveta-5960729/> (referer: https://book24.ru/search/?q=%D1%84%D0%B0%D0%BD%D1%82%D0%B0%D1%81%D1%82%D0%B8%D0%BA%D0%B0)
2024-04-18 09:37:56 [scrapy.core.engine] DEBUG: Crawled (200) <GET https://book24.ru/product/zvezda-avrory-7044724/> (referer: https://book24.ru/search/?q=%D1%84%D0%B0%D0%BD%D1%82%D0%B0%D1%81%D1%82%D0%B8%D0%BA%D0%B0)
2024-04-18 09:37:57 [scrapy.core.engine] DEBUG: Crawled (200) <GET https://book24.ru/product/drevniy-predystoriya-4-6-podarochnoe-izdanie-7045542/> (referer: https://book24.ru/search/?q=%D1%84%D0%B0%D0%BD%D1%82%D0%B0%D1%81%D1%82%D0%B8%D0%BA%D0%B0)
2024-04-18 09:37:57 [scrapy.core.engine] DEBUG: Crawled (200) <GET https://book24.ru/product/osvobozhdenie-5851419/> (referer: https://book24.ru/search/?q=%D1%84%D0%B0%D0%BD%D1%82%D0%B0%D1%81%D1%82%D0%B8%D0%BA%D0%B0)
2024-04-18 09:37:58 [scrapy.core.engine] DEBUG: Crawled (200) <GET https://book24.ru/product/volna-ognya-6835009/> (referer: https://book24.ru/search/?q=%D1%84%D0%B0%D0%BD%D1%82%D0%B0%D1%81%D1%82%D0%B8%D0%BA%D0%B0)
2024-04-18 09:37:59 [scrapy.core.engine] DEBUG: Crawled (200) <GET https://book24.ru/product/prilivy-temnogo-kristalla-kniga-tretya-5946770/> (referer: https://book24.ru/search/?q=%D1%84%D0%B0%D0%BD%D1%82%D0%B0%D1%81%D1%82%D0%B8%D0%BA%D0%B0)
2024-04-18 09:37:59 [scrapy.core.engine] DEBUG: Crawled (200) <GET https://book24.ru/product/dyuna-6805084/> (referer: https://book24.ru/search/?q=%D1%84%D0%B0%D0%BD%D1%82%D0%B0%D1%81%D1%82%D0%B8%D0%BA%D0%B0)
2024-04-18 09:38:00 [scrapy.core.engine] DEBUG: Crawled (200) <GET https://book24.ru/product/stantsiya-odinnadtsat-5952336/> (referer: https://book24.ru/search/?q=%D1%84%D0%B0%D0%BD%D1%82%D0%B0%D1%81%D1%82%D0%B8%D0%BA%D0%B0)
2024-04-18 09:38:01 [scrapy.core.engine] DEBUG: Crawled (200) <GET https://book24.ru/product/rasha-6837888/> (referer: https://book24.ru/search/?q=%D1%84%D0%B0%D0%BD%D1%82%D0%B0%D1%81%D1%82%D0%B8%D0%BA%D0%B0)
2024-04-18 09:38:01 [scrapy.core.engine] DEBUG: Crawled (200) <GET https://book24.ru/product/azil-6051394/> (referer: https://book24.ru/search/?q=%D1%84%D0%B0%D0%BD%D1%82%D0%B0%D1%81%D1%82%D0%B8%D0%BA%D0%B0)
2024-04-18 09:38:02 [scrapy.core.engine] DEBUG: Crawled (200) <GET https://book24.ru/product/krasnyy-lotos-6039927/> (referer: https://book24.ru/search/?q=%D1%84%D0%B0%D0%BD%D1%82%D0%B0%D1%81%D1%82%D0%B8%D0%BA%D0%B0)
2024-04-18 09:38:02 [scrapy.core.engine] INFO: Closing spider (finished)
2024-04-18 09:38:02 [scrapy.statscollectors] INFO: Dumping Scrapy stats:
{'downloader/request_bytes': 14526,
 'downloader/request_count': 31,
 'downloader/request_method_count/GET': 31,
 'downloader/response_bytes': 1005884,
 'downloader/response_count': 31,
 'downloader/response_status_count/200': 31,
 'elapsed_time_seconds': 18.960304,
 'finish_reason': 'finished',
 'finish_time': datetime.datetime(2024, 4, 18, 4, 38, 2, 600644, tzinfo=datetime.timezone.utc),
 'httpcompression/response_bytes': 3934287,
 'httpcompression/response_count': 31,
 'log_count/DEBUG': 33,
 'log_count/INFO': 10,
 'request_depth_max': 1,
 'response_received_count': 31,
 'scheduler/dequeued': 31,
 'scheduler/dequeued/memory': 31,
 'scheduler/enqueued': 31,
 'scheduler/enqueued/memory': 31,
 'start_time': datetime.datetime(2024, 4, 18, 4, 37, 43, 640340, tzinfo=datetime.timezone.utc)}
2024-04-18 09:38:02 [scrapy.core.engine] INFO: Spider closed (finished)

Process finished with exit code 0
